s:\malwaredeveloped\lokirat\loki\x64\release\libcurl.dll
s:\malwaredeveloped\lokirat\loki\x64\release\zlib1.dll
s:\malwaredeveloped\lokirat\loki\x64\release\loki.pdb
s:\malwaredeveloped\lokirat\loki\loki\x64\release\vc143.pdb
s:\malwaredeveloped\lokirat\loki\loki\x64\release\loki.obj
s:\malwaredeveloped\lokirat\loki\loki\x64\release\etwpatch.obj
s:\malwaredeveloped\lokirat\loki\loki\x64\release\loki.res
s:\malwaredeveloped\lokirat\loki\loki\x64\release\loki.ipdb
s:\malwaredeveloped\lokirat\loki\loki\x64\release\loki.iobj
s:\malwaredeveloped\lokirat\loki\x64\release\loki.exe
s:\malwaredeveloped\lokirat\loki\loki\x64\release\loki.tlog\link.read.1.tlog
s:\malwaredeveloped\lokirat\loki\loki\x64\release\loki.tlog\cl.read.1.tlog
s:\malwaredeveloped\lokirat\loki\loki\x64\release\loki.tlog\loki.write.1u.tlog
s:\malwaredeveloped\lokirat\loki\loki\x64\release\loki.tlog\link.command.1.tlog
s:\malwaredeveloped\lokirat\loki\loki\x64\release\loki.tlog\rc.read.1.tlog
s:\malwaredeveloped\lokirat\loki\loki\x64\release\loki.tlog\rc.command.1.tlog
s:\malwaredeveloped\lokirat\loki\loki\x64\release\loki.tlog\cl.command.1.tlog
s:\malwaredeveloped\lokirat\loki\loki\x64\release\loki.tlog\cl.items.tlog
s:\malwaredeveloped\lokirat\loki\loki\x64\release\loki.tlog\link.write.1.tlog
s:\malwaredeveloped\lokirat\loki\loki\x64\release\loki.tlog\cl.write.1.tlog
s:\malwaredeveloped\lokirat\loki\loki\x64\release\loki.tlog\rc.write.1.tlog
